Dataset: The Simpsons Characters Data
  * pickle file name: Simpsons.pkl.gz
  * shape: (100, 100, 3)
  * number train examples: 6789
  * number test examples: 754
  * num_classes: 10
  * validate shape: False
 creation log:
  * data training shape: (12430, 30000)
  * labels training shape: (12430, 10)
  * data test shape: (1381, 30000)
  * labels test shape: (1381, 10)
  * elements per class (training):
   + min(981.0), max(2004.0), max diff (1023.0), percent from all (8.23%)
    - class 0: 2004.0
    - class 1: 1317.0
    - class 2: 1312.0
    - class 3: 1224.0
    - class 4: 1208.0
    - class 5: 1168.0
    - class 6: 1078.0
    - class 7: 1071.0
    - class 8: 1067.0
    - class 9: 981.0

  * elements per class (training):
   + min(98.0), max(242.0), max diff (144.0), percent from all (10.43%)
    - class 0: 242.0
    - class 1: 137.0
    - class 2: 140.0
    - class 3: 130.0
    - class 4: 134.0
    - class 5: 123.0
    - class 6: 128.0
    - class 7: 123.0
    - class 8: 126.0
    - class 9: 98.0

 validation ok...everything seems good